0 info it worked if it ends with ok
1 verbose cli [ 'C:\\Program Files (x86)\\nodejs\\\\node.exe',
1 verbose cli   'C:\\Program Files (x86)\\nodejs\\node_modules\\npm\\bin\\npm-cli.js',
1 verbose cli   'install',
1 verbose cli   '--save',
1 verbose cli   'https://github.com/icompuiz/node-restful' ]
2 info using npm@1.4.28
3 info using node@v0.10.32
4 verbose node symlink C:\Program Files (x86)\nodejs\\node.exe
5 warn package.json imagemin-optipng@4.2.0 No README data
6 verbose readDependencies using package.json deps
7 verbose cache add [ 'https://github.com/icompuiz/node-restful', null ]
8 verbose cache add name=undefined spec="https://github.com/icompuiz/node-restful" args=["https://github.com/icompuiz/node-restful",null]
9 verbose parsed url { protocol: 'https:',
9 verbose parsed url   slashes: true,
9 verbose parsed url   auth: null,
9 verbose parsed url   host: 'github.com',
9 verbose parsed url   port: null,
9 verbose parsed url   hostname: 'github.com',
9 verbose parsed url   hash: null,
9 verbose parsed url   search: null,
9 verbose parsed url   query: null,
9 verbose parsed url   pathname: '/icompuiz/node-restful',
9 verbose parsed url   path: '/icompuiz/node-restful',
9 verbose parsed url   href: 'https://github.com/icompuiz/node-restful' }
10 silly lockFile e2b92d8b-github-com-icompuiz-node-restful https://github.com/icompuiz/node-restful
11 verbose lock https://github.com/icompuiz/node-restful C:\Users\Isioma\AppData\Roaming\npm-cache\e2b92d8b-github-com-icompuiz-node-restful.lock
12 verbose addRemoteTarball [ 'https://github.com/icompuiz/node-restful', null ]
13 info retry fetch attempt 1 at 22:45:16
14 verbose fetch to= C:\Users\Isioma\AppData\Local\Temp\npm-6224-hXhj6dYe\github.com\icompuiz\node-restful
15 http GET https://github.com/icompuiz/node-restful
16 http 200 https://github.com/icompuiz/node-restful
17 verbose tar unpack C:\Users\Isioma\AppData\Local\Temp\npm-6224-hXhj6dYe\github.com\icompuiz\node-restful
18 silly lockFile 2a48d086-com-icompuiz-node-restful-unpack tar://C:\Users\Isioma\AppData\Local\Temp\npm-6224-hXhj6dYe\github.com\icompuiz\node-restful-unpack
19 verbose lock tar://C:\Users\Isioma\AppData\Local\Temp\npm-6224-hXhj6dYe\github.com\icompuiz\node-restful-unpack C:\Users\Isioma\AppData\Roaming\npm-cache\2a48d086-com-icompuiz-node-restful-unpack.lock
20 silly lockFile 49c35d81-github-com-icompuiz-node-restful tar://C:\Users\Isioma\AppData\Local\Temp\npm-6224-hXhj6dYe\github.com\icompuiz\node-restful
21 verbose lock tar://C:\Users\Isioma\AppData\Local\Temp\npm-6224-hXhj6dYe\github.com\icompuiz\node-restful C:\Users\Isioma\AppData\Roaming\npm-cache\49c35d81-github-com-icompuiz-node-restful.lock
22 silly gunzTarPerm modes [ '777', '666' ]
23 error not a package C:\Users\Isioma\AppData\Local\Temp\npm-6224-hXhj6dYe\github.com\icompuiz\node-restful
24 silly lockFile 2a48d086-com-icompuiz-node-restful-unpack tar://C:\Users\Isioma\AppData\Local\Temp\npm-6224-hXhj6dYe\github.com\icompuiz\node-restful-unpack
25 silly lockFile 2a48d086-com-icompuiz-node-restful-unpack tar://C:\Users\Isioma\AppData\Local\Temp\npm-6224-hXhj6dYe\github.com\icompuiz\node-restful-unpack
26 silly lockFile 49c35d81-github-com-icompuiz-node-restful tar://C:\Users\Isioma\AppData\Local\Temp\npm-6224-hXhj6dYe\github.com\icompuiz\node-restful
27 silly lockFile 49c35d81-github-com-icompuiz-node-restful tar://C:\Users\Isioma\AppData\Local\Temp\npm-6224-hXhj6dYe\github.com\icompuiz\node-restful
28 silly lockFile e2b92d8b-github-com-icompuiz-node-restful https://github.com/icompuiz/node-restful
29 silly lockFile e2b92d8b-github-com-icompuiz-node-restful https://github.com/icompuiz/node-restful
30 error Error: ENOENT, open 'C:\Users\Isioma\AppData\Local\Temp\npm-6224-hXhj6dYe\github.com\icompuiz\node-restful-unpack\package.json'
31 error If you need help, you may report this *entire* log,
31 error including the npm and node versions, at:
31 error     <http://github.com/npm/npm/issues>
32 error System Windows_NT 6.2.9200
33 error command "C:\\Program Files (x86)\\nodejs\\\\node.exe" "C:\\Program Files (x86)\\nodejs\\node_modules\\npm\\bin\\npm-cli.js" "install" "--save" "https://github.com/icompuiz/node-restful"
34 error cwd C:\Users\Isioma\Code\toasty.io
35 error node -v v0.10.32
36 error npm -v 1.4.28
37 error path C:\Users\Isioma\AppData\Local\Temp\npm-6224-hXhj6dYe\github.com\icompuiz\node-restful-unpack\package.json
38 error code ENOENT
39 error errno 34
40 verbose exit [ 34, true ]
